boolean .. ok
char .. ok
char16 .. ok
char2 .. ok
char4 .. ok
char8 .. ok
text .. ok
int2 .. failed
int4 .. failed
oid .. ok
oidint2 .. failed
oidint4 .. failed
oidname .. ok
float4 .. ok
float8 .. failed
numerology .. ok
point .. ok
lseg .. ok
box .. ok
path .. ok
polygon .. ok
circle .. ok
geometry .. failed
timespan .. ok
datetime .. failed
reltime .. ok
abstime .. ok
tinterval .. ok
horology .. failed
create_function_1 .. ok
create_type .. ok
create_table .. ok
create_function_2 .. ok
copy .. ok
create_misc .. ok
create_aggregate .. ok
create_operator .. ok
create_view .. ok
create_index .. ok
sanity_check .. ok
errors .. ok
select .. ok
select_into .. ok
select_distinct .. ok
select_distinct_on .. ok
aggregates .. ok
transactions .. ok
random .. failed
portals .. ok
misc .. ok
arrays .. ok
btree_index .. ok
hash_index .. ok
select_views .. failed
alter_table .. ok
purge .. ok
portals_p2 .. ok
